29.05.2019 01:54:10 [main] INFO  Main  - Отключаем авто сохранение действий
29.05.2019 01:54:10 [main] INFO  Main  - Соединение с БД установлено
29.05.2019 01:54:10 [main] INFO  Main  - Запрос ищущий производителя с  именем  Magnitiprom
29.05.2019 01:54:10 [main] INFO  Main  - Название сувенира: Magnet Производитель: Magnitoprom Дата производства: 2019-04-10 Цена: 3 рублей
29.05.2019 01:54:10 [main] INFO  Main  - Запрос ищущий производителя из Беларуси
29.05.2019 01:54:10 [main] INFO  Main  - Название сувенира: Magnet Производитель: Magnitoprom Страна: Belarus Дата производства: 2019-04-10 Цена: 3 рублей
29.05.2019 01:54:10 [main] INFO  Main  - Запрос ищущий сувениры произведенный в 2019 году
29.05.2019 01:54:10 [main] INFO  Main  - Название сувенира: Trinket Производитель: Brelkanar Страна: Ukraine Дата производства: 2019-11-11 Цена: 5 рублей
29.05.2019 01:54:10 [main] INFO  Main  - Название сувенира: Magnet Производитель: Magnitoprom Страна: Belarus Дата производства: 2019-04-10 Цена: 3 рублей
29.05.2019 01:54:10 [main] INFO  Main  - Название сувенира: Postcard Производитель: Otkrytkoprom Страна: Russia Дата производства: 2019-05-12 Цена: 2 рублей
29.05.2019 01:54:10 [main] INFO  Main  - Название сувенира: Statue Производитель: StatyaMag Страна: Kazakstan Дата производства: 2019-01-01 Цена: 4 рублей
29.05.2019 01:54:10 [main] INFO  Main  - Запрос ищущий сувениры с максимальной стоимостью 3 рубля
29.05.2019 01:54:10 [main] INFO  Main  - Название сувенира: Magnet Производитель: Magnitoprom Страна: Belarus Дата производства: 2019-04-10 Цена: 3 рублей
29.05.2019 01:54:10 [main] INFO  Main  - Название сувенира: Postcard Производитель: Otkrytkoprom Страна: Russia Дата производства: 2019-05-12 Цена: 2 рублей
29.05.2019 01:54:10 [main] INFO  Main  - Создаем точку отката
29.05.2019 01:54:10 [main] INFO  Main  - Произошла ошибка в sql запрос откатываемся изменения
29.05.2019 01:54:10 [main] INFO  Main  - Закрываем соединение с БД
29.05.2019 01:54:48 [main] INFO  Main  - Отключаем авто сохранение действий
29.05.2019 01:54:48 [main] INFO  Main  - Соединение с БД установлено
29.05.2019 01:54:48 [main] INFO  Main  - Запрос ищущий производителя с  именем  Magnitiprom
29.05.2019 01:54:48 [main] INFO  Main  - Название сувенира: Magnet Производитель: Magnitoprom Дата производства: 2019-04-10 Цена: 3 рублей
29.05.2019 01:54:48 [main] INFO  Main  - Запрос ищущий производителя из Беларуси
29.05.2019 01:54:48 [main] INFO  Main  - Название сувенира: Magnet Производитель: Magnitoprom Страна: Belarus Дата производства: 2019-04-10 Цена: 3 рублей
29.05.2019 01:54:48 [main] INFO  Main  - Запрос ищущий сувениры произведенный в 2019 году
29.05.2019 01:54:48 [main] INFO  Main  - Название сувенира: Trinket Производитель: Brelkanar Страна: Ukraine Дата производства: 2019-11-11 Цена: 5 рублей
29.05.2019 01:54:48 [main] INFO  Main  - Название сувенира: Magnet Производитель: Magnitoprom Страна: Belarus Дата производства: 2019-04-10 Цена: 3 рублей
29.05.2019 01:54:48 [main] INFO  Main  - Название сувенира: Postcard Производитель: Otkrytkoprom Страна: Russia Дата производства: 2019-05-12 Цена: 2 рублей
29.05.2019 01:54:48 [main] INFO  Main  - Название сувенира: Statue Производитель: StatyaMag Страна: Kazakstan Дата производства: 2019-01-01 Цена: 4 рублей
29.05.2019 01:54:48 [main] INFO  Main  - Запрос ищущий сувениры с максимальной стоимостью 3 рубля
29.05.2019 01:54:48 [main] INFO  Main  - Название сувенира: Magnet Производитель: Magnitoprom Страна: Belarus Дата производства: 2019-04-10 Цена: 3 рублей
29.05.2019 01:54:48 [main] INFO  Main  - Название сувенира: Postcard Производитель: Otkrytkoprom Страна: Russia Дата производства: 2019-05-12 Цена: 2 рублей
29.05.2019 01:54:48 [main] INFO  Main  - Создаем точку отката
29.05.2019 01:54:48 [main] INFO  Main  - Произошла ошибка в sql запрос откатываемся изменения
29.05.2019 01:54:48 [main] INFO  Main  - Закрываем соединение с БД
